<?xml version="1.0" encoding="UTF-8"?>
<testsuite name="com.example.eventorias.ui.detail.EventDetailViewModelTest" tests="7" skipped="0" failures="0" errors="0" timestamp="2025-01-12T13:49:29" hostname="MOEW" time="0.207">
  <properties/>
  <testcase name="formatDate should return formatted date" classname="com.example.eventorias.ui.detail.EventDetailViewModelTest" time="0.044"/>
  <testcase name="fetchEventDetails should update event state when document exists" classname="com.example.eventorias.ui.detail.EventDetailViewModelTest" time="0.017"/>
  <testcase name="fetchEventDetails should not update event state when document does not exist" classname="com.example.eventorias.ui.detail.EventDetailViewModelTest" time="0.05"/>
  <testcase name="getCoordinatesFromAddress should return null when address is invalid" classname="com.example.eventorias.ui.detail.EventDetailViewModelTest" time="0.005"/>
  <testcase name="getCoordinatesFromAddress should return coordinates when address is valid" classname="com.example.eventorias.ui.detail.EventDetailViewModelTest" time="0.069"/>
  <testcase name="formatTime should return formatted time" classname="com.example.eventorias.ui.detail.EventDetailViewModelTest" time="0.01"/>
  <testcase name="generateMapImageUrl should return correct URL" classname="com.example.eventorias.ui.detail.EventDetailViewModelTest" time="0.012"/>
  <system-out><![CDATA[Expected: 12:30 pm
Actual: 12:30 pm
Expected URL: https://maps.googleapis.com/maps/api/staticmap?center=37.7749,-122.4194&zoom=14&size=400x400&key=AIzaSyADGzuKfQsJillaL6iPE0bnk1LkJjrTDJI
Actual URL: https://maps.googleapis.com/maps/api/staticmap?center=37.7749,-122.4194&zoom=14&size=400x400&key=AIzaSyADGzuKfQsJillaL6iPE0bnk1LkJjrTDJI
]]></system-out>
  <system-err><![CDATA[Exception in thread "Test worker @coroutine#21" java.lang.RuntimeException: Method d in android.util.Log not mocked. See https://developer.android.com/r/studio-ui/build/not-mocked for details.
	at android.util.Log.d(Log.java)
	at java.base/jdk.internal.reflect.DirectMethodHandleAccessor.invoke(DirectMethodHandleAccessor.java:103)
	at java.base/java.lang.reflect.Method.invoke(Method.java:580)
	at io.mockk.proxy.jvm.advice.MethodCall.call(MethodCall.kt:14)
	at io.mockk.proxy.jvm.advice.SelfCallEliminatorCallable.call(SelfCallEliminatorCallable.kt:14)
	at io.mockk.impl.instantiation.JvmMockFactoryHelper.handleOriginalCall(JvmMockFactoryHelper.kt:96)
	at io.mockk.impl.instantiation.JvmMockFactoryHelper.access$handleOriginalCall(JvmMockFactoryHelper.kt:19)
	at io.mockk.impl.instantiation.JvmMockFactoryHelper$mockHandler$1$invocation$1$1.invoke(JvmMockFactoryHelper.kt:28)
	at io.mockk.impl.stub.MockKStub$handleInvocation$originalPlusToString$1.invoke(MockKStub.kt:232)
	at io.mockk.impl.stub.SpyKStub.defaultAnswer(SpyKStub.kt:15)
	at io.mockk.impl.stub.MockKStub.answer(MockKStub.kt:42)
	at io.mockk.impl.recording.states.AnsweringState.call(AnsweringState.kt:16)
	at io.mockk.impl.recording.CommonCallRecorder.call(CommonCallRecorder.kt:53)
	at io.mockk.impl.stub.MockKStub.handleInvocation(MockKStub.kt:268)
	at io.mockk.impl.instantiation.JvmMockFactoryHelper$mockHandler$1.invocation(JvmMockFactoryHelper.kt:24)
	at io.mockk.proxy.jvm.advice.Interceptor.call(Interceptor.kt:21)
	at android.util.Log.d(Log.java)
	at com.example.eventorias.ui.detail.EventDetailViewModel$fetchEventDetails$1$1.invoke(EventDetailViewModel.kt:70)
	at com.example.eventorias.ui.detail.EventDetailViewModel$fetchEventDetails$1$1.invoke(EventDetailViewModel.kt:57)
	at com.example.eventorias.ui.detail.EventDetailViewModel$fetchEventDetails$1.invokeSuspend$lambda$0(EventDetailViewModel.kt:57)
	at com.example.eventorias.ui.detail.EventDetailViewModelTest$fetchEventDetails should not update event state when document does not exist$1.invokeSuspend$lambda$0(EventDetailViewModelTest.kt:119)
	at org.mockito.internal.stubbing.StubbedInvocationMatcher.answer(StubbedInvocationMatcher.java:42)
	at org.mockito.internal.handler.MockHandlerImpl.handle(MockHandlerImpl.java:103)
	at org.mockito.internal.handler.NullResultGuardian.handle(NullResultGuardian.java:29)
	at org.mockito.internal.handler.InvocationNotifierHandler.handle(InvocationNotifierHandler.java:34)
	at org.mockito.internal.creation.bytebuddy.MockMethodInterceptor.doIntercept(MockMethodInterceptor.java:82)
	at org.mockito.internal.creation.bytebuddy.MockMethodInterceptor.doIntercept(MockMethodInterceptor.java:56)
	at org.mockito.internal.creation.bytebuddy.MockMethodInterceptor$DispatcherDefaultingToRealMethod.interceptAbstract(MockMethodInterceptor.java:161)
	at com.google.android.gms.tasks.Task$MockitoMock$ElzJscxd.addOnSuccessListener(Unknown Source)
	at com.example.eventorias.ui.detail.EventDetailViewModel$fetchEventDetails$1.invokeSuspend(EventDetailViewModel.kt:57)
	at kotlin.coroutines.jvm.internal.BaseContinuationImpl.resumeWith(ContinuationImpl.kt:33)
	at kotlinx.coroutines.DispatchedTask.run(DispatchedTask.kt:104)
	at kotlinx.coroutines.test.TestCoroutineDispatcher.dispatch(TestCoroutineDispatcher.kt:41)
	at kotlinx.coroutines.test.internal.TestMainDispatcher.dispatch(TestMainDispatcher.kt:25)
	at kotlinx.coroutines.internal.DispatchedContinuationKt.resumeCancellableWith(DispatchedContinuation.kt:318)
	at kotlinx.coroutines.intrinsics.CancellableKt.startCoroutineCancellable(Cancellable.kt:26)
	at kotlinx.coroutines.intrinsics.CancellableKt.startCoroutineCancellable$default(Cancellable.kt:21)
	at kotlinx.coroutines.CoroutineStart.invoke(CoroutineStart.kt:88)
	at kotlinx.coroutines.AbstractCoroutine.start(AbstractCoroutine.kt:123)
	at kotlinx.coroutines.BuildersKt__Builders_commonKt.launch(Builders.common.kt:52)
	at kotlinx.coroutines.BuildersKt.launch(Unknown Source)
	at kotlinx.coroutines.BuildersKt__Builders_commonKt.launch$default(Builders.common.kt:43)
	at kotlinx.coroutines.BuildersKt.launch$default(Unknown Source)
	at com.example.eventorias.ui.detail.EventDetailViewModel.fetchEventDetails(EventDetailViewModel.kt:55)
	at com.example.eventorias.ui.detail.EventDetailViewModelTest$fetchEventDetails should not update event state when document does not exist$1.invokeSuspend(EventDetailViewModelTest.kt:137)
	at com.example.eventorias.ui.detail.EventDetailViewModelTest$fetchEventDetails should not update event state when document does not exist$1.invoke(EventDetailViewModelTest.kt)
	at com.example.eventorias.ui.detail.EventDetailViewModelTest$fetchEventDetails should not update event state when document does not exist$1.invoke(EventDetailViewModelTest.kt)
	at kotlinx.coroutines.test.TestBuildersKt__TestBuildersDeprecatedKt$runBlockingTest$deferred$1.invokeSuspend(TestBuildersDeprecated.kt:64)
	at kotlin.coroutines.jvm.internal.BaseContinuationImpl.resumeWith(ContinuationImpl.kt:33)
	at kotlinx.coroutines.DispatchedTask.run(DispatchedTask.kt:104)
	at kotlinx.coroutines.test.TestCoroutineDispatcher.dispatch(TestCoroutineDispatcher.kt:41)
	at kotlinx.coroutines.internal.DispatchedContinuationKt.resumeCancellableWith(DispatchedContinuation.kt:318)
	at kotlinx.coroutines.intrinsics.CancellableKt.startCoroutineCancellable(Cancellable.kt:26)
	at kotlinx.coroutines.intrinsics.CancellableKt.startCoroutineCancellable$default(Cancellable.kt:21)
	at kotlinx.coroutines.CoroutineStart.invoke(CoroutineStart.kt:88)
	at kotlinx.coroutines.AbstractCoroutine.start(AbstractCoroutine.kt:123)
	at kotlinx.coroutines.BuildersKt__Builders_commonKt.async(Builders.common.kt:87)
	at kotlinx.coroutines.BuildersKt.async(Unknown Source)
	at kotlinx.coroutines.BuildersKt__Builders_commonKt.async$default(Builders.common.kt:78)
	at kotlinx.coroutines.BuildersKt.async$default(Unknown Source)
	at kotlinx.coroutines.test.TestBuildersKt__TestBuildersDeprecatedKt.runBlockingTest(TestBuildersDeprecated.kt:63)
	at kotlinx.coroutines.test.TestBuildersKt.runBlockingTest(Unknown Source)
	at kotlinx.coroutines.test.TestBuildersKt__TestBuildersDeprecatedKt.runBlockingTest$default(TestBuildersDeprecated.kt:57)
	at kotlinx.coroutines.test.TestBuildersKt.runBlockingTest$default(Unknown Source)
	at com.example.eventorias.ui.detail.EventDetailViewModelTest.fetchEventDetails should not update event state when document does not exist(EventDetailViewModelTest.kt:110)
	at java.base/jdk.internal.reflect.DirectMethodHandleAccessor.invoke(DirectMethodHandleAccessor.java:103)
	at java.base/java.lang.reflect.Method.invoke(Method.java:580)
	at org.junit.runners.model.FrameworkMethod$1.runReflectiveCall(FrameworkMethod.java:59)
	at org.junit.internal.runners.model.ReflectiveCallable.run(ReflectiveCallable.java:12)
	at org.junit.runners.model.FrameworkMethod.invokeExplosively(FrameworkMethod.java:56)
	at org.junit.internal.runners.statements.InvokeMethod.evaluate(InvokeMethod.java:17)
	at org.junit.internal.runners.statements.RunBefores.evaluate(RunBefores.java:26)
	at org.mockito.internal.runners.DefaultInternalRunner$1$1.evaluate(DefaultInternalRunner.java:55)
	at org.junit.internal.runners.statements.RunAfters.evaluate(RunAfters.java:27)
	at org.junit.rules.TestWatcher$1.evaluate(TestWatcher.java:61)
	at org.junit.runners.ParentRunner$3.evaluate(ParentRunner.java:306)
	at org.junit.runners.BlockJUnit4ClassRunner$1.evaluate(BlockJUnit4ClassRunner.java:100)
	at org.junit.runners.ParentRunner.runLeaf(ParentRunner.java:366)
	at org.junit.runners.BlockJUnit4ClassRunner.runChild(BlockJUnit4ClassRunner.java:103)
	at org.junit.runners.BlockJUnit4ClassRunner.runChild(BlockJUnit4ClassRunner.java:63)
	at org.junit.runners.ParentRunner$4.run(ParentRunner.java:331)
	at org.junit.runners.ParentRunner$1.schedule(ParentRunner.java:79)
	at org.junit.runners.ParentRunner.runChildren(ParentRunner.java:329)
	at org.junit.runners.ParentRunner.access$100(ParentRunner.java:66)
	at org.junit.runners.ParentRunner$2.evaluate(ParentRunner.java:293)
	at org.junit.runners.ParentRunner$3.evaluate(ParentRunner.java:306)
	at org.junit.runners.ParentRunner.run(ParentRunner.java:413)
	at org.mockito.internal.runners.DefaultInternalRunner$1.run(DefaultInternalRunner.java:100)
	at org.mockito.internal.runners.DefaultInternalRunner.run(DefaultInternalRunner.java:107)
	at org.mockito.internal.runners.StrictRunner.run(StrictRunner.java:41)
	at org.mockito.junit.MockitoJUnitRunner.run(MockitoJUnitRunner.java:163)
	at org.gradle.api.internal.tasks.testing.junit.JUnitTestClassExecutor.runTestClass(JUnitTestClassExecutor.java:112)
	at org.gradle.api.internal.tasks.testing.junit.JUnitTestClassExecutor.execute(JUnitTestClassExecutor.java:58)
	at org.gradle.api.internal.tasks.testing.junit.JUnitTestClassExecutor.execute(JUnitTestClassExecutor.java:40)
	at org.gradle.api.internal.tasks.testing.junit.AbstractJUnitTestClassProcessor.processTestClass(AbstractJUnitTestClassProcessor.java:54)
	at org.gradle.api.internal.tasks.testing.SuiteTestClassProcessor.processTestClass(SuiteTestClassProcessor.java:53)
	at java.base/jdk.internal.reflect.DirectMethodHandleAccessor.invoke(DirectMethodHandleAccessor.java:103)
	at java.base/java.lang.reflect.Method.invoke(Method.java:580)
	at org.gradle.internal.dispatch.ReflectionDispatch.dispatch(ReflectionDispatch.java:36)
	at org.gradle.internal.dispatch.ReflectionDispatch.dispatch(ReflectionDispatch.java:24)
	at org.gradle.internal.dispatch.ContextClassLoaderDispatch.dispatch(ContextClassLoaderDispatch.java:33)
	at org.gradle.internal.dispatch.ProxyDispatchAdapter$DispatchingInvocationHandler.invoke(ProxyDispatchAdapter.java:92)
	at jdk.proxy2/jdk.proxy2.$Proxy6.processTestClass(Unknown Source)
	at org.gradle.api.internal.tasks.testing.worker.TestWorker$2.run(TestWorker.java:181)
	at org.gradle.api.internal.tasks.testing.worker.TestWorker.executeAndMaintainThreadName(TestWorker.java:130)
	at org.gradle.api.internal.tasks.testing.worker.TestWorker.execute(TestWorker.java:101)
	at org.gradle.api.internal.tasks.testing.worker.TestWorker.execute(TestWorker.java:61)
	at org.gradle.process.internal.worker.child.ActionExecutionWorker.execute(ActionExecutionWorker.java:56)
	at org.gradle.process.internal.worker.child.SystemApplicationClassLoaderWorker.call(SystemApplicationClassLoaderWorker.java:122)
	at org.gradle.process.internal.worker.child.SystemApplicationClassLoaderWorker.call(SystemApplicationClassLoaderWorker.java:69)
	at worker.org.gradle.process.internal.worker.GradleWorkerMain.run(GradleWorkerMain.java:69)
	at worker.org.gradle.process.internal.worker.GradleWorkerMain.main(GradleWorkerMain.java:74)
	Suppressed: kotlinx.coroutines.internal.DiagnosticCoroutineContextException: [CoroutineId(21), "coroutine#21":StandaloneCoroutine{Cancelling}@5816fd13, Dispatchers.Main]
]]></system-err>
</testsuite>
