<?xml version="1.0" encoding="UTF-8"?>
<testsuite name="com.example.eventorias.EventListViewModelTest" tests="5" skipped="0" failures="0" errors="0" timestamp="2025-01-12T13:49:24" hostname="MOEW" time="3.901">
  <properties/>
  <testcase name="parseDate should return correct date for valid formats" classname="com.example.eventorias.EventListViewModelTest" time="3.569"/>
  <testcase name="fetchEvents should update state with events" classname="com.example.eventorias.EventListViewModelTest" time="0.296"/>
  <testcase name="onSortToggle should reverse the order of filteredEvents" classname="com.example.eventorias.EventListViewModelTest" time="0.015"/>
  <testcase name="onSearchTextChange should update filteredEvents" classname="com.example.eventorias.EventListViewModelTest" time="0.014"/>
  <testcase name="parseDate should return null for invalid format" classname="com.example.eventorias.EventListViewModelTest" time="0.007"/>
  <system-out><![CDATA[]]></system-out>
  <system-err><![CDATA[]]></system-err>
</testsuite>
